[2021-11-13 19:19:55,205] INFO [Controller id=0 epoch=1] Sending UpdateMetadata request to brokers Set(0) for 0 partitions (state.change.logger)
[2021-11-13 19:20:17,860] INFO [Controller id=0 epoch=1] Changed partition Orders-0 state from NonExistentPartition to NewPartition with assigned replicas 0 (state.change.logger)
[2021-11-13 19:20:17,860] INFO [Controller id=0 epoch=1] Sending UpdateMetadata request to brokers Set() for 0 partitions (state.change.logger)
[2021-11-13 19:20:17,865] INFO [Controller id=0 epoch=1] Sending UpdateMetadata request to brokers Set() for 0 partitions (state.change.logger)
[2021-11-13 19:20:17,891] INFO [Controller id=0 epoch=1] Changed partition Orders-0 from NewPartition to OnlinePartition with state LeaderAndIsr(leader=0, leaderEpoch=0, isr=List(0), zkVersion=0) (state.change.logger)
[2021-11-13 19:20:17,895] INFO [Controller id=0 epoch=1] Sending LeaderAndIsr request to broker 0 with 1 become-leader and 0 become-follower partitions (state.change.logger)
[2021-11-13 19:20:17,897] INFO [Controller id=0 epoch=1] Sending UpdateMetadata request to brokers Set(0) for 1 partitions (state.change.logger)
[2021-11-13 19:20:17,899] INFO [Controller id=0 epoch=1] Sending UpdateMetadata request to brokers Set() for 0 partitions (state.change.logger)
[2021-11-13 19:20:17,904] INFO [Broker id=0] Handling LeaderAndIsr request correlationId 1 from controller 0 for 1 partitions (state.change.logger)
[2021-11-13 19:20:17,933] INFO [Broker id=0] Stopped fetchers as part of LeaderAndIsr request correlationId 1 from controller 0 epoch 1 as part of the become-leader transition for 1 partitions (state.change.logger)
[2021-11-13 19:20:18,038] INFO [Broker id=0] Leader Orders-0 starts at leader epoch 0 from offset 0 with high watermark 0 ISR [0] addingReplicas [] removingReplicas []. Previous leader epoch was -1. (state.change.logger)
[2021-11-13 19:20:18,059] INFO [Broker id=0] Finished LeaderAndIsr request in 158ms correlationId 1 from controller 0 for 1 partitions (state.change.logger)
[2021-11-13 19:20:18,072] INFO [Broker id=0] Add 1 partitions and deleted 0 partitions from metadata cache in response to UpdateMetadata request sent by controller 0 epoch 1 with correlation id 2 (state.change.logger)
[2021-11-13 19:20:35,689] INFO [Controller id=0 epoch=1] Changed partition Resume-0 state from NonExistentPartition to NewPartition with assigned replicas 0 (state.change.logger)
[2021-11-13 19:20:35,689] INFO [Controller id=0 epoch=1] Sending UpdateMetadata request to brokers Set() for 0 partitions (state.change.logger)
[2021-11-13 19:20:35,690] INFO [Controller id=0 epoch=1] Sending UpdateMetadata request to brokers Set() for 0 partitions (state.change.logger)
[2021-11-13 19:20:35,700] INFO [Controller id=0 epoch=1] Changed partition Resume-0 from NewPartition to OnlinePartition with state LeaderAndIsr(leader=0, leaderEpoch=0, isr=List(0), zkVersion=0) (state.change.logger)
[2021-11-13 19:20:35,700] INFO [Controller id=0 epoch=1] Sending LeaderAndIsr request to broker 0 with 1 become-leader and 0 become-follower partitions (state.change.logger)
[2021-11-13 19:20:35,701] INFO [Controller id=0 epoch=1] Sending UpdateMetadata request to brokers Set(0) for 1 partitions (state.change.logger)
[2021-11-13 19:20:35,701] INFO [Controller id=0 epoch=1] Sending UpdateMetadata request to brokers Set() for 0 partitions (state.change.logger)
[2021-11-13 19:20:35,702] INFO [Broker id=0] Handling LeaderAndIsr request correlationId 3 from controller 0 for 1 partitions (state.change.logger)
[2021-11-13 19:20:35,704] INFO [Broker id=0] Stopped fetchers as part of LeaderAndIsr request correlationId 3 from controller 0 epoch 1 as part of the become-leader transition for 1 partitions (state.change.logger)
[2021-11-13 19:20:35,721] INFO [Broker id=0] Leader Resume-0 starts at leader epoch 0 from offset 0 with high watermark 0 ISR [0] addingReplicas [] removingReplicas []. Previous leader epoch was -1. (state.change.logger)
[2021-11-13 19:20:35,725] INFO [Broker id=0] Finished LeaderAndIsr request in 23ms correlationId 3 from controller 0 for 1 partitions (state.change.logger)
[2021-11-13 19:20:35,727] INFO [Broker id=0] Add 1 partitions and deleted 0 partitions from metadata cache in response to UpdateMetadata request sent by controller 0 epoch 1 with correlation id 4 (state.change.logger)
